2025-04-08 19:04:46.085861 - Received CBT.V508.FILE1053.PDS from FILE1053.XMI 
2025-04-08 19:04:46.089929 - Found $$$#DATE.txt (text/plain) in CBT.V508.FILE1053.PDS, moved to PDS/$$$#DATE
2025-04-08 19:04:46.091464 - Found $$DOC$$.txt (text/plain) in CBT.V508.FILE1053.PDS, moved to PDS/$$DOC$$
2025-04-08 19:04:46.092958 - Found @FIL1053.txt (text/plain) in CBT.V508.FILE1053.PDS, moved to PDS/@FIL1053
2025-04-08 19:04:46.094662 - Found AUPGM.txt (text/plain) in CBT.V508.FILE1053.PDS, moved to PDS/AUPGM
2025-04-08 19:04:46.096109 - Found AUPGM$.jcl (text/plain) in CBT.V508.FILE1053.PDS, moved to PDS/AUPGM$
2025-04-08 19:04:46.097649 - Found AUPGM#.txt (text/plain) in CBT.V508.FILE1053.PDS, moved to PDS/AUPGM#
2025-04-08 19:04:46.099189 - Found COMPASM.jcl (text/plain) in CBT.V508.FILE1053.PDS, moved to PDS/COMPASM
2025-04-08 19:04:46.100865 - Found KDSLIST.rexx (text/plain) in CBT.V508.FILE1053.PDS, moved to PDS/KDSLIST
2025-04-08 19:04:46.105296 - Found KDSLIST#.pdf (application/pdf) in CBT.V508.FILE1053.PDS, moved to docs/KDSLIST#.pdf
2025-04-08 19:04:46.108205 - Found KDSLIST@.docx (application/vnd.openxmlformats-officedocument.wordprocessingml.document) in CBT.V508.FILE1053.PDS, moved to docs/KDSLIST@.docx
2025-04-08 19:04:46.109688 - Found KDSLJCL.jcl (text/plain) in CBT.V508.FILE1053.PDS, moved to PDS/KDSLJCL
2025-04-08 19:04:46.111291 - Found KDSLJCLF.jcl (text/plain) in CBT.V508.FILE1053.PDS, moved to PDS/KDSLJCLF
2025-04-08 19:04:46.112946 - Found KDSLTSO.rexx (text/plain) in CBT.V508.FILE1053.PDS, moved to PDS/KDSLTSO
2025-04-08 19:04:46.114542 - Found MEMZAP.txt (text/plain) in CBT.V508.FILE1053.PDS, moved to PDS/MEMZAP
2025-04-08 19:04:46.116068 - Found MEMZAP$.jcl (text/plain) in CBT.V508.FILE1053.PDS, moved to PDS/MEMZAP$
2025-04-08 19:04:46.117686 - Found MEMZAPC.txt (text/plain) in CBT.V508.FILE1053.PDS, moved to PDS/MEMZAPC
2025-04-08 19:04:46.119212 - Found MEMZAPJ1.jcl (text/plain) in CBT.V508.FILE1053.PDS, moved to PDS/MEMZAPJ1
2025-04-08 19:04:46.120728 - Found MEMZAPP.txt (text/plain) in CBT.V508.FILE1053.PDS, moved to PDS/MEMZAPP
2025-04-08 19:04:46.122337 - Found SAFCHECK.rexx (text/plain) in CBT.V508.FILE1053.PDS, moved to PDS/SAFCHECK
2025-04-08 19:04:46.123852 - Found SAFCHKAS.jcl (text/plain) in CBT.V508.FILE1053.PDS, moved to PDS/SAFCHKAS
2025-04-08 19:04:46.125355 - Found SAFCHKBT.jcl (text/plain) in CBT.V508.FILE1053.PDS, moved to PDS/SAFCHKBT
2025-04-08 19:04:46.126881 - Found SAFCHK33.txt (text/plain) in CBT.V508.FILE1053.PDS, moved to PDS/SAFCHK33
2025-04-08 19:04:46.141086 - Found SAFCKDOC.zip (application/zip) in CBT.V508.FILE1053.PDS, moved to SAFCKDOC
